#-----------------------------------------------------------
# Vivado v2017.4 (64-bit)
# SW Build 2086221 on Fri Dec 15 20:55:39 MST 2017
# IP Build 2085800 on Fri Dec 15 22:25:07 MST 2017
# Start of session at: Thu Nov  4 16:54:41 2021
# Process ID: 612
# Current directory: F:/2019011211011HangjenChan/project_2
# Command line: vivado.exe -gui_launcher_event rodinguilauncherevent1368 F:\2019011211011HangjenChan\project_2\project_2.xpr
# Log file: F:/2019011211011HangjenChan/project_2/vivado.log
# Journal file: F:/2019011211011HangjenChan/project_2\vivado.jou
#-----------------------------------------------------------
start_gui
open_project F:/2019011211011HangjenChan/project_2/project_2.xpr
Scanning sources...
Finished scanning sources
INFO: [IP_Flow 19-234] Refreshing IP repositories
INFO: [IP_Flow 19-1704] No user IP repositories specified
INFO: [IP_Flow 19-2313] Loaded Vivado IP repository 'C:/Xilinx/Vivado/2017.4/data/ip'.
update_compile_order -fileset sources_1
exit
INFO: [Common 17-206] Exiting Vivado at Thu Nov  4 17:02:16 2021...
