#-----------------------------------------------------------
# Vivado v2017.4 (64-bit)
# SW Build 2086221 on Fri Dec 15 20:55:39 MST 2017
# IP Build 2085800 on Fri Dec 15 22:25:07 MST 2017
# Start of session at: Thu Oct 28 17:42:03 2021
# Process ID: 10296
# Current directory: F:/2019011211011HangjenChan/project_1
# Command line: vivado.exe -gui_launcher_event rodinguilauncherevent7156 F:\2019011211011HangjenChan\project_1\project_1.xpr
# Log file: F:/2019011211011HangjenChan/project_1/vivado.log
# Journal file: F:/2019011211011HangjenChan/project_1\vivado.jou
#-----------------------------------------------------------
start_gui
open_project F:/2019011211011HangjenChan/project_1/project_1.xpr
Scanning sources...
Finished scanning sources
INFO: [IP_Flow 19-234] Refreshing IP repositories
INFO: [IP_Flow 19-1704] No user IP repositories specified
INFO: [IP_Flow 19-2313] Loaded Vivado IP repository 'C:/Xilinx/Vivado/2017.4/data/ip'.
update_compile_order -fileset sources_1
launch_runs synth_1 -jobs 3
[Thu Oct 28 17:42:42 2021] Launched synth_1...
Run output will be captured here: F:/2019011211011HangjenChan/project_1/project_1.runs/synth_1/runme.log
launch_runs impl_1 -jobs 3
[Thu Oct 28 17:43:33 2021] Launched impl_1...
Run output will be captured here: F:/2019011211011HangjenChan/project_1/project_1.runs/impl_1/runme.log
launch_runs impl_1 -to_step write_bitstream -jobs 3
[Thu Oct 28 17:44:43 2021] Launched impl_1...
Run output will be captured here: F:/2019011211011HangjenChan/project_1/project_1.runs/impl_1/runme.log
exit
INFO: [Common 17-206] Exiting Vivado at Thu Oct 28 17:47:36 2021...
